{"contracts\\BasicDutchAuction.sol":{"l":{"20":15,"21":15,"22":15,"23":15,"25":15,"31":6,"32":5,"34":4,"36":4,"37":4,"38":4,"41":4},"path":"C:\\Users\\17327\\Desktop\\New folder\\contracts\\BasicDutchAuction.sol","s":{"1":6,"2":5,"3":4},"b":{"1":[5,1],"2":[4,1],"3":[4,0]},"f":{"1":15,"2":6},"fnMap":{"1":{"name":"constructor","line":15,"loc":{"start":{"line":15,"column":4},"end":{"line":27,"column":4}}},"2":{"name":"placeBid","line":29,"loc":{"start":{"line":29,"column":4},"end":{"line":44,"column":4}}}},"statementMap":{"1":{"start":{"line":31,"column":8},"end":{"line":31,"column":86}},"2":{"start":{"line":32,"column":8},"end":{"line":32,"column":58}},"3":{"start":{"line":34,"column":8},"end":{"line":34,"column":990}}},"branchMap":{"1":{"line":31,"type":"if","locations":[{"start":{"line":31,"column":8},"end":{"line":31,"column":8}},{"start":{"line":31,"column":8},"end":{"line":31,"column":8}}]},"2":{"line":32,"type":"if","locations":[{"start":{"line":32,"column":8},"end":{"line":32,"column":8}},{"start":{"line":32,"column":8},"end":{"line":32,"column":8}}]},"3":{"line":34,"type":"if","locations":[{"start":{"line":34,"column":8},"end":{"line":34,"column":8}},{"start":{"line":34,"column":8},"end":{"line":34,"column":8}}]}}}}