{"contracts\\NFTDutchAuction_ERC20Bids.sol":{"l":{"25":6,"29":1,"74":3,"80":3,"97":2,"98":2,"100":2,"107":3,"109":3,"115":3,"117":3,"129":3,"141":1,"142":1,"154":3,"158":2,"159":1,"160":1,"161":1,"162":1,"171":2,"179":1,"210":6,"211":6,"212":6,"213":6,"214":6,"215":6,"216":6,"217":6,"218":6,"222":6,"223":6,"224":6,"225":6,"226":6,"230":1,"234":9,"235":9,"242":4,"243":4,"248":2,"250":1,"256":1,"262":1,"270":2},"path":"C:\\Users\\17327\\Desktop\\Smart\\V5\\contracts\\NFTDutchAuction_ERC20Bids.sol","s":{"1":6,"2":1,"3":3,"4":3,"5":2,"6":2,"7":2,"8":3,"9":3,"10":3,"11":1,"12":1,"13":3,"14":2,"15":1,"16":1,"17":1,"18":1,"19":2,"20":1,"21":6,"22":6,"23":1,"24":9,"25":9,"26":4,"27":2,"28":1,"29":1,"30":2},"b":{"1":[3,0],"2":[1,1],"3":[1,0],"4":[2,0],"5":[6,0],"6":[9,0],"7":[2,2],"8":[1,1],"9":[0,0]},"f":{"1":6,"2":1,"3":3,"4":3,"5":2,"6":3,"7":3,"8":3,"9":1,"10":3,"11":2,"12":2,"13":1,"14":6,"15":1,"16":9,"17":4,"18":0,"19":2},"fnMap":{"1":{"name":"constructor","line":24,"loc":{"start":{"line":24,"column":4},"end":{"line":26,"column":4}}},"2":{"name":"mint","line":28,"loc":{"start":{"line":28,"column":4},"end":{"line":30,"column":4}}},"3":{"name":"getMessageHash","line":68,"loc":{"start":{"line":68,"column":4},"end":{"line":75,"column":4}}},"4":{"name":"getEthSignedMessageHash","line":77,"loc":{"start":{"line":77,"column":4},"end":{"line":87,"column":4}}},"5":{"name":"verify","line":89,"loc":{"start":{"line":89,"column":4},"end":{"line":101,"column":4}}},"6":{"name":"recoverSigner","line":103,"loc":{"start":{"line":103,"column":4},"end":{"line":110,"column":4}}},"7":{"name":"splitSignature","line":112,"loc":{"start":{"line":112,"column":4},"end":{"line":122,"column":4}}},"8":{"name":"constructor","line":128,"loc":{"start":{"line":128,"column":4},"end":{"line":130,"column":4}}},"9":{"name":"depositWithPermit","line":134,"loc":{"start":{"line":134,"column":4},"end":{"line":143,"column":4}}},"10":{"name":"constructor","line":153,"loc":{"start":{"line":153,"column":4},"end":{"line":155,"column":4}}},"11":{"name":"safeMint","line":157,"loc":{"start":{"line":157,"column":4},"end":{"line":163,"column":4}}},"12":{"name":"_beforeTokenTransfer","line":170,"loc":{"start":{"line":165,"column":4},"end":{"line":172,"column":4}}},"13":{"name":"supportsInterface","line":176,"loc":{"start":{"line":176,"column":4},"end":{"line":180,"column":4}}},"14":{"name":"initialize","line":209,"loc":{"start":{"line":201,"column":4},"end":{"line":227,"column":4}}},"15":{"name":"getCurrentBlockNumber","line":229,"loc":{"start":{"line":229,"column":4},"end":{"line":231,"column":4}}},"16":{"name":"calculatePrice","line":233,"loc":{"start":{"line":233,"column":4},"end":{"line":239,"column":4}}},"17":{"name":"receiveMoney","line":241,"loc":{"start":{"line":241,"column":4},"end":{"line":263,"column":4}}},"18":{"name":"_authorizeUpgrade","line":267,"loc":{"start":{"line":265,"column":4},"end":{"line":267,"column":35}}},"19":{"name":"getMessage","line":269,"loc":{"start":{"line":269,"column":4},"end":{"line":271,"column":4}}}},"statementMap":{"1":{"start":{"line":25,"column":8},"end":{"line":25,"column":33}},"2":{"start":{"line":29,"column":8},"end":{"line":29,"column":26}},"3":{"start":{"line":74,"column":8},"end":{"line":74,"column":74}},"4":{"start":{"line":80,"column":8},"end":{"line":80,"column":2380}},"5":{"start":{"line":97,"column":8},"end":{"line":97,"column":76}},"6":{"start":{"line":98,"column":8},"end":{"line":98,"column":75}},"7":{"start":{"line":100,"column":8},"end":{"line":100,"column":72}},"8":{"start":{"line":107,"column":8},"end":{"line":107,"column":68}},"9":{"start":{"line":109,"column":8},"end":{"line":109,"column":56}},"10":{"start":{"line":115,"column":8},"end":{"line":115,"column":60}},"11":{"start":{"line":141,"column":8},"end":{"line":141,"column":73}},"12":{"start":{"line":142,"column":8},"end":{"line":142,"column":60}},"13":{"start":{"line":154,"column":8},"end":{"line":154,"column":34}},"14":{"start":{"line":158,"column":8},"end":{"line":158,"column":71}},"15":{"start":{"line":159,"column":8},"end":{"line":159,"column":60}},"16":{"start":{"line":160,"column":8},"end":{"line":160,"column":51}},"17":{"start":{"line":161,"column":8},"end":{"line":161,"column":34}},"18":{"start":{"line":162,"column":8},"end":{"line":162,"column":29}},"19":{"start":{"line":171,"column":8},"end":{"line":171,"column":63}},"20":{"start":{"line":179,"column":8},"end":{"line":179,"column":51}},"21":{"start":{"line":210,"column":8},"end":{"line":210,"column":23}},"22":{"start":{"line":211,"column":8},"end":{"line":211,"column":31}},"23":{"start":{"line":230,"column":8},"end":{"line":230,"column":27}},"24":{"start":{"line":234,"column":8},"end":{"line":234,"column":7072}},"25":{"start":{"line":235,"column":12},"end":{"line":235,"column":31}},"26":{"start":{"line":243,"column":8},"end":{"line":243,"column":7339}},"27":{"start":{"line":248,"column":8},"end":{"line":248,"column":62}},"28":{"start":{"line":250,"column":8},"end":{"line":250,"column":7543}},"29":{"start":{"line":256,"column":8},"end":{"line":256,"column":7703}},"30":{"start":{"line":270,"column":8},"end":{"line":270,"column":28}}},"branchMap":{"1":{"line":115,"type":"if","locations":[{"start":{"line":115,"column":8},"end":{"line":115,"column":8}},{"start":{"line":115,"column":8},"end":{"line":115,"column":8}}]},"2":{"line":158,"type":"if","locations":[{"start":{"line":158,"column":8},"end":{"line":158,"column":8}},{"start":{"line":158,"column":8},"end":{"line":158,"column":8}}]},"3":{"line":159,"type":"if","locations":[{"start":{"line":159,"column":8},"end":{"line":159,"column":8}},{"start":{"line":159,"column":8},"end":{"line":159,"column":8}}]},"4":{"line":170,"type":"if","locations":[{"start":{"line":170,"column":50},"end":{"line":170,"column":50}},{"start":{"line":170,"column":50},"end":{"line":170,"column":50}}]},"5":{"line":209,"type":"if","locations":[{"start":{"line":209,"column":13},"end":{"line":209,"column":13}},{"start":{"line":209,"column":13},"end":{"line":209,"column":13}}]},"6":{"line":234,"type":"if","locations":[{"start":{"line":234,"column":8},"end":{"line":234,"column":8}},{"start":{"line":234,"column":8},"end":{"line":234,"column":8}}]},"7":{"line":243,"type":"if","locations":[{"start":{"line":243,"column":8},"end":{"line":243,"column":8}},{"start":{"line":243,"column":8},"end":{"line":243,"column":8}}]},"8":{"line":248,"type":"if","locations":[{"start":{"line":248,"column":8},"end":{"line":248,"column":8}},{"start":{"line":248,"column":8},"end":{"line":248,"column":8}}]},"9":{"line":267,"type":"if","locations":[{"start":{"line":267,"column":24},"end":{"line":267,"column":24}},{"start":{"line":267,"column":24},"end":{"line":267,"column":24}}]}}}}