{
"contracts\\BasicDutchAuction.sol":{"l":{"20":15,"21":15,"22":15,"23":15,"25":15,"30":6,"31":5,"33":4,"35":4,"36":4,"37":4,"40":4},"path":"C:\\Users\\17327\\Desktop\\Smart\\V1\\contracts\\BasicDutchAuction.sol","s":{"1":6,"2":5,"3":4},"b":{"1":[5,1],"2":[4,1],"3":[4,0]},"f":{"1":15,"2":6},"fnMap":{"1":{"name":"constructor","line":15,"loc":{"start":{"line":15,"column":4},"end":{"line":27,"column":4}}},"2":{"name":"placeBid","line":29,"loc":{"start":{"line":29,"column":4},"end":{"line":42,"column":4}}}},"statementMap":{"1":{"start":{"line":30,"column":8},"end":{"line":30,"column":86}},"2":{"start":{"line":31,"column":8},"end":{"line":31,"column":58}},"3":{"start":{"line":33,"column":8},"end":{"line":33,"column":982}}},"branchMap":{"1":{"line":30,"type":"if","locations":[{"start":{"line":30,"column":8},"end":{"line":30,"column":8}},{"start":{"line":30,"column":8},"end":{"line":30,"column":8}}]},"2":{"line":31,"type":"if","locations":[{"start":{"line":31,"column":8},"end":{"line":31,"column":8}},{"start":{"line":31,"column":8},"end":{"line":31,"column":8}}]},"3":{"line":33,"type":"if","locations":[{"start":{"line":33,"column":8},"end":{"line":33,"column":8}},{"start":{"line":33,"column":8},"end":{"line":33,"column":8}}]}}}}
