TN:
SF:C:\Users\17327\Desktop\Smart\V5\contracts\NFTDutchAuction_ERC20Bids.sol
FN:24,constructor
FN:28,mint
FN:68,getMessageHash
FN:77,getEthSignedMessageHash
FN:89,verify
FN:103,recoverSigner
FN:112,splitSignature
FN:128,constructor
FN:134,depositWithPermit
FN:153,constructor
FN:157,safeMint
FN:170,_beforeTokenTransfer
FN:176,supportsInterface
FN:209,initialize
FN:229,getCurrentBlockNumber
FN:233,calculatePrice
FN:241,receiveMoney
FN:267,_authorizeUpgrade
FN:269,getMessage
FNF:19
FNH:18
FNDA:6,constructor
FNDA:1,mint
FNDA:3,getMessageHash
FNDA:3,getEthSignedMessageHash
FNDA:2,verify
FNDA:3,recoverSigner
FNDA:3,splitSignature
FNDA:3,constructor
FNDA:1,depositWithPermit
FNDA:3,constructor
FNDA:2,safeMint
FNDA:2,_beforeTokenTransfer
FNDA:1,supportsInterface
FNDA:6,initialize
FNDA:1,getCurrentBlockNumber
FNDA:9,calculatePrice
FNDA:4,receiveMoney
FNDA:0,_authorizeUpgrade
FNDA:2,getMessage
DA:25,6
DA:29,1
DA:74,3
DA:80,3
DA:97,2
DA:98,2
DA:100,2
DA:107,3
DA:109,3
DA:115,3
DA:117,3
DA:129,3
DA:141,1
DA:142,1
DA:154,3
DA:158,2
DA:159,1
DA:160,1
DA:161,1
DA:162,1
DA:171,2
DA:179,1
DA:210,6
DA:211,6
DA:212,6
DA:213,6
DA:214,6
DA:215,6
DA:216,6
DA:217,6
DA:218,6
DA:222,6
DA:223,6
DA:224,6
DA:225,6
DA:226,6
DA:230,1
DA:234,9
DA:235,9
DA:242,4
DA:243,4
DA:248,2
DA:250,1
DA:256,1
DA:262,1
DA:270,2
LF:46
LH:46
BRDA:115,1,0,3
BRDA:115,1,1,0
BRDA:158,2,0,1
BRDA:158,2,1,1
BRDA:159,3,0,1
BRDA:159,3,1,0
BRDA:170,4,0,2
BRDA:170,4,1,0
BRDA:209,5,0,6
BRDA:209,5,1,0
BRDA:234,6,0,9
BRDA:234,6,1,0
BRDA:243,7,0,2
BRDA:243,7,1,2
BRDA:248,8,0,1
BRDA:248,8,1,1
BRDA:267,9,0,0
BRDA:267,9,1,0
BRF:18
BRH:11
end_of_record
